1589191981931	mozrunner::runner	INFO	Running command: "C:\\Program Files\\Mozilla Firefox\\firefox.exe" "-marionette" "-foreground" "-no-remote" "-profile" "C:\\Users\\Ejaz\\AppData\\Local\\Temp\\rust_mozprofileEnNRCG"
1589191984596	addons.webextension.doh-rollout@mozilla.org	WARN	Loading extension 'doh-rollout@mozilla.org': Reading manifest: Invalid extension permission: networkStatus
1589191986822	addons.webextension.screenshots@mozilla.org	WARN	Loading extension 'screenshots@mozilla.org': Reading manifest: Invalid extension permission: mozillaAddons
1589191986822	addons.webextension.screenshots@mozilla.org	WARN	Loading extension 'screenshots@mozilla.org': Reading manifest: Invalid extension permission: telemetry
1589191986823	addons.webextension.screenshots@mozilla.org	WARN	Loading extension 'screenshots@mozilla.org': Reading manifest: Invalid extension permission: resource://pdf.js/
1589191986823	addons.webextension.screenshots@mozilla.org	WARN	Loading extension 'screenshots@mozilla.org': Reading manifest: Invalid extension permission: about:reader*
JavaScript error: resource://gre/modules/XULStore.jsm, line 66: Error: Can't find profile directory.
1589191996870	Marionette	INFO	Listening on port 50676
1589191997104	Marionette	WARN	TLS certificate errors will be ignored for this session
1589192017589	Marionette	INFO	Stopped listening on port 50676

###!!! [Child][RunMessage] Error: Channel closing: too late to send/recv, messages will be lost


###!!! [Child][MessageChannel::SendAndWait] Error: Channel error: cannot send/recv

1589192069066	mozrunner::runner	INFO	Running command: "C:\\Program Files\\Mozilla Firefox\\firefox.exe" "-marionette" "-foreground" "-no-remote" "-profile" "C:\\Users\\Ejaz\\AppData\\Local\\Temp\\rust_mozprofilekSnVa7"
1589192070221	addons.webextension.doh-rollout@mozilla.org	WARN	Loading extension 'doh-rollout@mozilla.org': Reading manifest: Invalid extension permission: networkStatus
1589192072337	addons.webextension.screenshots@mozilla.org	WARN	Loading extension 'screenshots@mozilla.org': Reading manifest: Invalid extension permission: mozillaAddons
1589192072338	addons.webextension.screenshots@mozilla.org	WARN	Loading extension 'screenshots@mozilla.org': Reading manifest: Invalid extension permission: telemetry
1589192072338	addons.webextension.screenshots@mozilla.org	WARN	Loading extension 'screenshots@mozilla.org': Reading manifest: Invalid extension permission: resource://pdf.js/
1589192072338	addons.webextension.screenshots@mozilla.org	WARN	Loading extension 'screenshots@mozilla.org': Reading manifest: Invalid extension permission: about:reader*
JavaScript error: resource://gre/modules/XULStore.jsm, line 66: Error: Can't find profile directory.
1589192077566	Marionette	INFO	Listening on port 50755
1589192077990	Marionette	WARN	TLS certificate errors will be ignored for this session
1589192090770	Marionette	INFO	Stopped listening on port 50755

###!!! [Child][RunMessage] Error: Channel closing: too late to send/recv, messages will be lost


###!!! [Child][MessageChannel::SendAndWait] Error: Channel error: cannot send/recv

1589192106649	mozrunner::runner	INFO	Running command: "C:\\Program Files\\Mozilla Firefox\\firefox.exe" "-marionette" "-foreground" "-no-remote" "-profile" "C:\\Users\\Ejaz\\AppData\\Local\\Temp\\rust_mozprofileb0ctKj"
1589192107906	addons.webextension.doh-rollout@mozilla.org	WARN	Loading extension 'doh-rollout@mozilla.org': Reading manifest: Invalid extension permission: networkStatus
1589192109668	addons.webextension.screenshots@mozilla.org	WARN	Loading extension 'screenshots@mozilla.org': Reading manifest: Invalid extension permission: mozillaAddons
1589192109668	addons.webextension.screenshots@mozilla.org	WARN	Loading extension 'screenshots@mozilla.org': Reading manifest: Invalid extension permission: telemetry
1589192109669	addons.webextension.screenshots@mozilla.org	WARN	Loading extension 'screenshots@mozilla.org': Reading manifest: Invalid extension permission: resource://pdf.js/
1589192109669	addons.webextension.screenshots@mozilla.org	WARN	Loading extension 'screenshots@mozilla.org': Reading manifest: Invalid extension permission: about:reader*
JavaScript error: resource://gre/modules/XULStore.jsm, line 66: Error: Can't find profile directory.
1589192114436	Marionette	INFO	Listening on port 50817
1589192114480	Marionette	WARN	TLS certificate errors will be ignored for this session
1589192135952	Marionette	INFO	Stopped listening on port 50817

###!!! [Child][RunMessage] Error: Channel closing: too late to send/recv, messages will be lost


###!!! [Child][MessageChannel::SendAndWait] Error: Channel error: cannot send/recv

1589192160735	mozrunner::runner	INFO	Running command: "C:\\Program Files\\Mozilla Firefox\\firefox.exe" "-marionette" "-foreground" "-no-remote" "-profile" "C:\\Users\\Ejaz\\AppData\\Local\\Temp\\rust_mozprofilesPVm1Y"
1589192161754	addons.webextension.doh-rollout@mozilla.org	WARN	Loading extension 'doh-rollout@mozilla.org': Reading manifest: Invalid extension permission: networkStatus
1589192163453	addons.webextension.screenshots@mozilla.org	WARN	Loading extension 'screenshots@mozilla.org': Reading manifest: Invalid extension permission: mozillaAddons
1589192163453	addons.webextension.screenshots@mozilla.org	WARN	Loading extension 'screenshots@mozilla.org': Reading manifest: Invalid extension permission: telemetry
1589192163453	addons.webextension.screenshots@mozilla.org	WARN	Loading extension 'screenshots@mozilla.org': Reading manifest: Invalid extension permission: resource://pdf.js/
1589192163453	addons.webextension.screenshots@mozilla.org	WARN	Loading extension 'screenshots@mozilla.org': Reading manifest: Invalid extension permission: about:reader*
JavaScript error: resource://gre/modules/XULStore.jsm, line 66: Error: Can't find profile directory.
1589192169783	Marionette	INFO	Listening on port 50887
1589192170280	Marionette	WARN	TLS certificate errors will be ignored for this session
1589197977693	Marionette	INFO	Stopped listening on port 50887

###!!! [Child][RunMessage] Error: Channel closing: too late to send/recv, messages will be lost


###!!! [Child][MessageChannel::SendAndWait] Error: Channel error: cannot send/recv

.doh-rollout@mozilla.org	WARN	Loading extension 'doh-rollout@mozilla.org': Reading manifest: Invalid extension permission: networkStatus
1589192242907	addons.webextension.screenshots@mozilla.org	WARN	Loading extension 'screenshots@mozilla.org': Reading manifest: Invalid extension permission: mozillaAddons
1589192242907	addons.webextension.screenshots@mozilla.org	WARN	Loading extension 'screenshots@mozilla.org': Reading manifest: Invalid extension permission: telemetry
1589192242907	addons.webextension.screenshots@mozilla.org	WARN	Loading extension 'screenshots@mozilla.org': Reading manifest: Invalid extension permission: resource://pdf.js/
1589192242907	addons.webextension.screenshots@mozilla.org	WARN	Loading extension 'screenshots@mozilla.org': Reading manifest: Invalid extension permission: about:reader*
JavaScript error: resource://gre/modules/XULStore.jsm, line 66: Error: Can't find profile directory.
1589192248352	Marionette	INFO	Listening on port 50950
1589192248505	Marionette	WARN	TLS certificate errors will be ignored for this session
JavaScript error: resource://gre/modules/UrlClassifierListManager.jsm, line 691: TypeError: this.tablesData[table] is undefined
1589192258071	Marionette	INFO	Stopped listening on port 50950

###!!! [Child][MessageChannel::SendAndWait] Error: Channel error: cannot send/recv

1589192500853	mozrunner::runner	INFO	Running command: "C:\\Program Files\\Mozilla Firefox\\firefox.exe" "-marionette" "-foreground" "-no-remote" "-profile" "C:\\Users\\Ejaz\\AppData\\Local\\Temp\\rust_mozprofileOyP8ik"
1589192503237	addons.webextension.doh-rollout@mozilla.org	WARN	Loading extension 'doh-rollout@mozilla.org': Reading manifest: Invalid extension permission: networkStatus
1589192505213	addons.webextension.screenshots@mozilla.org	WARN	Loading extension 'screenshots@mozilla.org': Reading manifest: Invalid extension permission: mozillaAddons
1589192505213	addons.webextension.screenshots@mozilla.org	WARN	Loading extension 'screenshots@mozilla.org': Reading manifest: Invalid extension permission: telemetry
1589192505214	addons.webextension.screenshots@mozilla.org	WARN	Loading extension 'screenshots@mozilla.org': Reading manifest: Invalid extension permission: resource://pdf.js/
1589192505214	addons.webextension.screenshots@mozilla.org	WARN	Loading extension 'screenshots@mozilla.org': Reading manifest: Invalid extension permission: about:reader*
JavaScript error: resource://gre/modules/XULStore.jsm, line 66: Error: Can't find profile directory.
1589192512025	Marionette	INFO	Listening on port 51029
1589192512095	Marionette	WARN	TLS certificate errors will be ignored for this session
1589192514912	Marionette	INFO	Stopped listening on port 51029
JavaScript error: resource://activity-stream/lib/ActivityStreamPrefs.jsm, line 27: NS_ERROR_ILLEGAL_VALUE: Component returned failure code: 0x80070057 (NS_ERROR_ILLEGAL_VALUE) [nsIPrefBranch.removeObserver]
1589192516833	addons.xpi	WARN	Addon with ID amazondotcom@search.mozilla.org already installed, older version will be disabled
1589192516834	addons.xpi-utils	WARN	Error: XPI database modified after shutdown began(resource://gre/modules/addons/XPIDatabase.jsm:1545:17) JS Stack trace: saveChanges@XPIDatabase.jsm:1545:17
makeAddonVisible@XPIDatabase.jsm:2348:10
addToDatabase@XPIDatabase.jsm:2275:12
install@XPIInstall.jsm:4320:27
update@XPIProvider.jsm:2074:13
1589192516834	addons.xpi-utils	WARN	Error: XPI database modified after shutdown began(resource://gre/modules/addons/XPIDatabase.jsm:1545:17) JS Stack trace: saveChanges@XPIDatabase.jsm:1545:17
addToDatabase@XPIDatabase.jsm:2278:10
install@XPIInstall.jsm:4320:27
update@XPIProvider.jsm:2074:13
1589192516872	addons.xpi	WARN	Addon with ID bing@search.mozilla.org already installed, older version will be disabled
1589192516873	addons.xpi-utils	WARN	Error: XPI database modified after shutdown began(resource://gre/modules/addons/XPIDatabase.jsm:1545:17) JS Stack trace: saveChanges@XPIDatabase.jsm:1545:17
makeAddonVisible@XPIDatabase.jsm:2348:10
addToDatabase@XPIDatabase.jsm:2275:12
install@XPIInstall.jsm:4320:27
update@XPIProvider.jsm:2074:13
1589192516873	addons.xpi-utils	WARN	Error: XPI database modified after shutdown began(resource://gre/modules/addons/XPIDatabase.jsm:1545:17) JS Stack trace: saveChanges@XPIDatabase.jsm:1545:17
addToDatabase@XPIDatabase.jsm:2278:10
install@XPIInstall.jsm:4320:27
update@XPIProvider.jsm:2074:13
1589192516898	addons.xpi	WARN	Addon with ID google@search.mozilla.org already installed, older version will be disabled
1589192516899	addons.xpi-utils	WARN	Error: XPI database modified after shutdown began(resource://gre/modules/addons/XPIDatabase.jsm:1545:17) JS Stack trace: saveChanges@XPIDatabase.jsm:1545:17
makeAddonVisible@XPIDatabase.jsm:2348:10
addToDatabase@XPIDatabase.jsm:2275:12
install@XPIInstall.jsm:4320:27
update@XPIProvider.jsm:2074:13
1589192516899	addons.xpi-utils	WARN	Error: XPI database modified after shutdown began(resource://gre/modules/addons/XPIDatabase.jsm:1545:17) JS Stack trace: saveChanges@XPIDatabase.jsm:1545:17
addToDatabase@XPIDatabase.jsm:2278:10
install@XPIInstall.jsm:4320:27
update@XPIProvider.jsm:2074:13
1589192516926	addons.xpi	WARN	Addon with ID twitter@search.mozilla.org already installed, older version will be disabled
1589192516927	addons.xpi-utils	WARN	Error: XPI database modified after shutdown began(resource://gre/modules/addons/XPIDatabase.jsm:1545:17) JS Stack trace: saveChanges@XPIDatabase.jsm:1545:17
makeAddonVisible@XPIDatabase.jsm:2348:10
addToDatabase@XPIDatabase.jsm:2275:12
install@XPIInstall.jsm:4320:27
update@XPIProvider.jsm:2074:13
1589192516927	addons.xpi-utils	WARN	Error: XPI database modified after shutdown began(resource://gre/modules/addons/XPIDatabase.jsm:1545:17) JS Stack trace: saveChanges@XPIDatabase.jsm:1545:17
addToDatabase@XPIDatabase.jsm:2278:10
install@XPIInstall.jsm:4320:27
update@XPIProvider.jsm:2074:13
1589192516978	addons.xpi	WARN	Addon with ID wikipedia@search.mozilla.org already installed, older version will be disabled
1589192516978	addons.xpi-utils	WARN	Error: XPI database modified after shutdown began(resource://gre/modules/addons/XPIDatabase.jsm:1545:17) JS Stack trace: saveChanges@XPIDatabase.jsm:1545:17
makeAddonVisible@XPIDatabase.jsm:2348:10
addToDatabase@XPIDatabase.jsm:2275:12
install@XPIInstall.jsm:4320:27
update@XPIProvider.jsm:2074:13
1589192516978	addons.xpi-utils	WARN	Error: XPI database modified after shutdown began(resource://gre/modules/addons/XPIDatabase.jsm:1545:17) JS Stack trace: saveChanges@XPIDatabase.jsm:1545:17
addToDatabase@XPIDatabase.jsm:2278:10
install@XPIInstall.jsm:4320:27
update@XPIProvider.jsm:2074:13
1589192516998	addons.xpi	WARN	Addon with ID ddg@search.mozilla.org already installed, older version will be disabled
1589192516999	addons.xpi-utils	WARN	Error: XPI database modified after shutdown began(resource://gre/modules/addons/XPIDatabase.jsm:1545:17) JS Stack trace: saveChanges@XPIDatabase.jsm:1545:17
makeAddonVisible@XPIDatabase.jsm:2348:10
addToDatabase@XPIDatabase.jsm:2275:12
install@XPIInstall.jsm:4320:27
update@XPIProvider.jsm:2074:13
1589192516999	addons.xpi-utils	WARN	Error: XPI database modified after shutdown began(resource://gre/modules/addons/XPIDatabase.jsm:1545:17) JS Stack trace: saveChanges@XPIDatabase.jsm:1545:17
addToDatabase@XPIDatabase.jsm:2278:10
install@XPIInstall.jsm:4320:27
update@XPIProvider.jsm:2074:13

###!!! [Child][RunMessage] Error: Channel closing: too late to send/recv, messages will be lost


###!!! [Child][MessageChannel::SendAndWait] Error: Channel error: cannot send/recv

1589192548194	mozrunner::runner	INFO	Running command: "C:\\Program Files\\Mozilla Firefox\\firefox.exe" "-marionette" "-foreground" "-no-remote" "-profile" "C:\\Users\\Ejaz\\AppData\\Local\\Temp\\rust_mozprofilesmPkci"
1589192549514	addons.webextension.doh-rollout@mozilla.org	WARN	Loading extension 'doh-rollout@mozilla.org': Reading manifest: Invalid extension permission: networkStatus
1589192551177	addons.webextension.screenshots@mozilla.org	WARN	Loading extension 'screenshots@mozilla.org': Reading manifest: Invalid extension permission: mozillaAddons
1589192551177	addons.webextension.screenshots@mozilla.org	WARN	Loading extension 'screenshots@mozilla.org': Reading manifest: Invalid extension permission: telemetry
1589192551177	addons.webextension.screenshots@mozilla.org	WARN	Loading extension 'screenshots@mozilla.org': Reading manifest: Invalid extension permission: resource://pdf.js/
1589192551177	addons.webextension.screenshots@mozilla.org	WARN	Loading extension 'screenshots@mozilla.org': Reading manifest: Invalid extension permission: about:reader*
JavaScript error: resource://gre/modules/XULStore.jsm, line 66: Error: Can't find profile directory.
1589192556925	Marionette	INFO	Listening on port 51080

###!!! [Child][MessageChannel] Error: (msgtype=0x3800C4,name=PContent::Msg_ScriptErrorWithStack) Channel closing: too late to send/recv, messages will be lost

1589192557282	Marionette	WARN	TLS certificate errors will be ignored for this session
1589192559169	Marionette	INFO	Stopped listening on port 51080
JavaScript error: resource://activity-stream/lib/ActivityStreamPrefs.jsm, line 27: NS_ERROR_ILLEGAL_VALUE: Component returned failure code: 0x80070057 (NS_ERROR_ILLEGAL_VALUE) [nsIPrefBranch.removeObserver]

###!!! [Child][RunMessage] Error: Channel closing: too late to send/recv, messages will be lost


###!!! [Child][MessageChannel::SendAndWait] Error: Channel error: cannot send/recv

1589195357312	mozrunner::runner	INFO	Running command: "C:\\Program Files\\Mozilla Firefox\\firefox.exe" "-marionette" "-foreground" "-no-remote" "-profile" "C:\\Users\\Ejaz\\AppData\\Local\\Temp\\rust_mozprofile8u9agu"
1589195359451	addons.webextension.doh-rollout@mozilla.org	WARN	Loading extension 'doh-rollout@mozilla.org': Reading manifest: Invalid extension permission: networkStatus
1589195361201	addons.webextension.screenshots@mozilla.org	WARN	Loading extension 'screenshots@mozilla.org': Reading manifest: Invalid extension permission: mozillaAddons
1589195361201	addons.webextension.screenshots@mozilla.org	WARN	Loading extension 'screenshots@mozilla.org': Reading manifest: Invalid extension permission: telemetry
1589195361201	addons.webextension.screenshots@mozilla.org	WARN	Loading extension 'screenshots@mozilla.org': Reading manifest: Invalid extension permission: resource://pdf.js/
1589195361201	addons.webextension.screenshots@mozilla.org	WARN	Loading extension 'screenshots@mozilla.org': Reading manifest: Invalid extension permission: about:reader*
JavaScript error: resource://gre/modules/XULStore.jsm, line 66: Error: Can't find profile directory.
1589195368223	Marionette	INFO	Listening on port 51245
1589195368534	Marionette	WARN	TLS certificate errors will be ignored for this session
1589195371048	Marionette	INFO	Stopped listening on port 51245
JavaScript error: resource://activity-stream/lib/ActivityStreamPrefs.jsm, line 27: NS_ERROR_ILLEGAL_VALUE: Component returned failure code: 0x80070057 (NS_ERROR_ILLEGAL_VALUE) [nsIPrefBranch.removeObserver]
1589195373644	addons.xpi	WARN	Addon with ID amazondotcom@search.mozilla.org already installed, older version will be disabled
1589195373645	addons.xpi-utils	WARN	Error: XPI database modified after shutdown began(resource://gre/modules/addons/XPIDatabase.jsm:1545:17) JS Stack trace: saveChanges@XPIDatabase.jsm:1545:17
makeAddonVisible@XPIDatabase.jsm:2348:10
addToDatabase@XPIDatabase.jsm:2275:12
install@XPIInstall.jsm:4320:27
update@XPIProvider.jsm:2074:13
1589195373645	addons.xpi-utils	WARN	Error: XPI database modified after shutdown began(resource://gre/modules/addons/XPIDatabase.jsm:1545:17) JS Stack trace: saveChanges@XPIDatabase.jsm:1545:17
addToDatabase@XPIDatabase.jsm:2278:10
install@XPIInstall.jsm:4320:27
update@XPIProvider.jsm:2074:13
1589195373672	addons.xpi	WARN	Addon with ID bing@search.mozilla.org already installed, older version will be disabled
1589195373672	addons.xpi-utils	WARN	Error: XPI database modified after shutdown began(resource://gre/modules/addons/XPIDatabase.jsm:1545:17) JS Stack trace: saveChanges@XPIDatabase.jsm:1545:17
makeAddonVisible@XPIDatabase.jsm:2348:10
addToDatabase@XPIDatabase.jsm:2275:12
install@XPIInstall.jsm:4320:27
update@XPIProvider.jsm:2074:13
1589195373672	addons.xpi-utils	WARN	Error: XPI database modified after shutdown began(resource://gre/modules/addons/XPIDatabase.jsm:1545:17) JS Stack trace: saveChanges@XPIDatabase.jsm:1545:17
addToDatabase@XPIDatabase.jsm:2278:10
install@XPIInstall.jsm:4320:27
update@XPIProvider.jsm:2074:13
1589195373700	addons.xpi	WARN	Addon with ID google@search.mozilla.org already installed, older version will be disabled
1589195373702	addons.xpi-utils	WARN	Error: XPI database modified after shutdown began(resource://gre/modules/addons/XPIDatabase.jsm:1545:17) JS Stack trace: saveChanges@XPIDatabase.jsm:1545:17
makeAddonVisible@XPIDatabase.jsm:2348:10
addToDatabase@XPIDatabase.jsm:2275:12
install@XPIInstall.jsm:4320:27
update@XPIProvider.jsm:2074:13
1589195373702	addons.xpi-utils	WARN	Error: XPI database modified after shutdown began(resource://gre/modules/addons/XPIDatabase.jsm:1545:17) JS Stack trace: saveChanges@XPIDatabase.jsm:1545:17
addToDatabase@XPIDatabase.jsm:2278:10
install@XPIInstall.jsm:4320:27
update@XPIProvider.jsm:2074:13
1589195373728	addons.xpi	WARN	Addon with ID twitter@search.mozilla.org already installed, older version will be disabled
1589195373728	addons.xpi-utils	WARN	Error: XPI database modified after shutdown began(resource://gre/modules/addons/XPIDatabase.jsm:1545:17) JS Stack trace: saveChanges@XPIDatabase.jsm:1545:17
makeAddonVisible@XPIDatabase.jsm:2348:10
addToDatabase@XPIDatabase.jsm:2275:12
install@XPIInstall.jsm:4320:27
update@XPIProvider.jsm:2074:13
1589195373729	addons.xpi-utils	WARN	Error: XPI database modified after shutdown began(resource://gre/modules/addons/XPIDatabase.jsm:1545:17) JS Stack trace: saveChanges@XPIDatabase.jsm:1545:17
addToDatabase@XPIDatabase.jsm:2278:10
install@XPIInstall.jsm:4320:27
update@XPIProvider.jsm:2074:13
1589195373783	addons.xpi	WARN	Addon with ID wikipedia@search.mozilla.org already installed, older version will be disabled
1589195373784	addons.xpi-utils	WARN	Error: XPI database modified after shutdown began(resource://gre/modules/addons/XPIDatabase.jsm:1545:17) JS Stack trace: saveChanges@XPIDatabase.jsm:1545:17
makeAddonVisible@XPIDatabase.jsm:2348:10
addToDatabase@XPIDatabase.jsm:2275:12
install@XPIInstall.jsm:4320:27
update@XPIProvider.jsm:2074:13
1589195373784	addons.xpi-utils	WARN	Error: XPI database modified after shutdown began(resource://gre/modules/addons/XPIDatabase.jsm:1545:17) JS Stack trace: saveChanges@XPIDatabase.jsm:1545:17
addToDatabase@XPIDatabase.jsm:2278:10
install@XPIInstall.jsm:4320:27
update@XPIProvider.jsm:2074:13
1589195373825	addons.xpi	WARN	Addon with ID ddg@search.mozilla.org already installed, older version will be disabled
1589195373826	addons.xpi-utils	WARN	Error: XPI database modified after shutdown began(resource://gre/modules/addons/XPIDatabase.jsm:1545:17) JS Stack trace: saveChanges@XPIDatabase.jsm:1545:17
makeAddonVisible@XPIDatabase.jsm:2348:10
addToDatabase@XPIDatabase.jsm:2275:12
install@XPIInstall.jsm:4320:27
update@XPIProvider.jsm:2074:13
1589195373826	addons.xpi-utils	WARN	Error: XPI database modified after shutdown began(resource://gre/modules/addons/XPIDatabase.jsm:1545:17) JS Stack trace: saveChanges@XPIDatabase.jsm:1545:17
addToDatabase@XPIDatabase.jsm:2278:10
install@XPIInstall.jsm:4320:27
update@XPIProvider.jsm:2074:13

###!!! [Child][RunMessage] Error: Channel closing: too late to send/recv, messages will be lost


###!!! [Child][MessageChannel] Error: (msgtype=0xB80016,name=PWindowGlobal::Msg_Destroy) Channel closing: too late to send/recv, messages will be lost


###!!! [Child][MessageChannel::SendAndWait] Error: Channel error: cannot send/recv

1589195780398	mozrunner::runner	INFO	Running command: "C:\\Program Files\\Mozilla Firefox\\firefox.exe" "-marionette" "-foreground" "-no-remote" "-profile" "C:\\Users\\Ejaz\\AppData\\Local\\Temp\\rust_mozprofilekQGT3w"
1589195781567	addons.webextension.doh-rollout@mozilla.org	WARN	Loading extension 'doh-rollout@mozilla.org': Reading manifest: Invalid extension permission: networkStatus
1589195783077	addons.webextension.screenshots@mozilla.org	WARN	Loading extension 'screenshots@mozilla.org': Reading manifest: Invalid extension permission: mozillaAddons
1589195783077	addons.webextension.screenshots@mozilla.org	WARN	Loading extension 'screenshots@mozilla.org': Reading manifest: Invalid extension permission: telemetry
1589195783078	addons.webextension.screenshots@mozilla.org	WARN	Loading extension 'screenshots@mozilla.org': Reading manifest: Invalid extension permission: resource://pdf.js/
1589195783078	addons.webextension.screenshots@mozilla.org	WARN	Loading extension 'screenshots@mozilla.org': Reading manifest: Invalid extension permission: about:reader*
JavaScript error: resource://gre/modules/XULStore.jsm, line 66: Error: Can't find profile directory.

###!!! [Child][RunMessage] Error: Channel closing: too late to send/recv, messages will be lost

1589195790191	Marionette	INFO	Listening on port 51302
1589195790634	Marionette	WARN	TLS certificate errors will be ignored for this session
1589195792337	Marionette	INFO	Stopped listening on port 51302
JavaScript error: resource://activity-stream/lib/ActivityStreamPrefs.jsm, line 27: NS_ERROR_ILLEGAL_VALUE: Component returned failure code: 0x80070057 (NS_ERROR_ILLEGAL_VALUE) [nsIPrefBranch.removeObserver]

###!!! [Child][RunMessage] Error: Channel closing: too late to send/recv, messages will be lost


###!!! [Child][MessageChannel::SendAndWait] Error: Channel error: cannot send/recv

1589195866200	mozrunner::runner	INFO	Running command: "C:\\Program Files\\Mozilla Firefox\\firefox.exe" "-marionette" "-foreground" "-no-remote" "-profile" "C:\\Users\\Ejaz\\AppData\\Local\\Temp\\rust_mozprofileQULAe2"
1589195867366	addons.webextension.doh-rollout@mozilla.org	WARN	Loading extension 'doh-rollout@mozilla.org': Reading manifest: Invalid extension permission: networkStatus
1589195869408	addons.webextension.screenshots@mozilla.org	WARN	Loading extension 'screenshots@mozilla.org': Reading manifest: Invalid extension permission: mozillaAddons
1589195869408	addons.webextension.screenshots@mozilla.org	WARN	Loading extension 'screenshots@mozilla.org': Reading manifest: Invalid extension permission: telemetry
1589195869408	addons.webextension.screenshots@mozilla.org	WARN	Loading extension 'screenshots@mozilla.org': Reading manifest: Invalid extension permission: resource://pdf.js/
1589195869408	addons.webextension.screenshots@mozilla.org	WARN	Loading extension 'screenshots@mozilla.org': Reading manifest: Invalid extension permission: about:reader*
JavaScript error: resource://gre/modules/XULStore.jsm, line 66: Error: Can't find profile directory.
1589195874622	Marionette	INFO	Listening on port 51354
1589195874634	Marionette	WARN	TLS certificate errors will be ignored for this session
1589195876503	Marionette	INFO	Stopped listening on port 51354
JavaScript error: resource://activity-stream/lib/ActivityStreamPrefs.jsm, line 27: NS_ERROR_ILLEGAL_VALUE: Component returned failure code: 0x80070057 (NS_ERROR_ILLEGAL_VALUE) [nsIPrefBranch.removeObserver]
1589195878183	addons.xpi	WARN	Addon with ID amazondotcom@search.mozilla.org already installed, older version will be disabled
1589195878184	addons.xpi-utils	WARN	Error: XPI database modified after shutdown began(resource://gre/modules/addons/XPIDatabase.jsm:1545:17) JS Stack trace: saveChanges@XPIDatabase.jsm:1545:17
makeAddonVisible@XPIDatabase.jsm:2348:10
addToDatabase@XPIDatabase.jsm:2275:12
install@XPIInstall.jsm:4320:27
update@XPIProvider.jsm:2074:13
1589195878184	addons.xpi-utils	WARN	Error: XPI database modified after shutdown began(resource://gre/modules/addons/XPIDatabase.jsm:1545:17) JS Stack trace: saveChanges@XPIDatabase.jsm:1545:17
addToDatabase@XPIDatabase.jsm:2278:10
install@XPIInstall.jsm:4320:27
update@XPIProvider.jsm:2074:13
1589195878221	addons.xpi	WARN	Addon with ID bing@search.mozilla.org already installed, older version will be disabled
1589195878222	addons.xpi-utils	WARN	Error: XPI database modified after shutdown began(resource://gre/modules/addons/XPIDatabase.jsm:1545:17) JS Stack trace: saveChanges@XPIDatabase.jsm:1545:17
makeAddonVisible@XPIDatabase.jsm:2348:10
addToDatabase@XPIDatabase.jsm:2275:12
install@XPIInstall.jsm:4320:27
update@XPIProvider.jsm:2074:13
1589195878222	addons.xpi-utils	WARN	Error: XPI database modified after shutdown began(resource://gre/modules/addons/XPIDatabase.jsm:1545:17) JS Stack trace: saveChanges@XPIDatabase.jsm:1545:17
addToDatabase@XPIDatabase.jsm:2278:10
install@XPIInstall.jsm:4320:27
update@XPIProvider.jsm:2074:13
1589195878255	addons.xpi	WARN	Addon with ID google@search.mozilla.org already installed, older version will be disabled
1589195878255	addons.xpi-utils	WARN	Error: XPI database modified after shutdown began(resource://gre/modules/addons/XPIDatabase.jsm:1545:17) JS Stack trace: saveChanges@XPIDatabase.jsm:1545:17
makeAddonVisible@XPIDatabase.jsm:2348:10
addToDatabase@XPIDatabase.jsm:2275:12
install@XPIInstall.jsm:4320:27
update@XPIProvider.jsm:2074:13
1589195878256	addons.xpi-utils	WARN	Error: XPI database modified after shutdown began(resource://gre/modules/addons/XPIDatabase.jsm:1545:17) JS Stack trace: saveChanges@XPIDatabase.jsm:1545:17
addToDatabase@XPIDatabase.jsm:2278:10
install@XPIInstall.jsm:4320:27
update@XPIProvider.jsm:2074:13
1589195878294	addons.xpi	WARN	Addon with ID twitter@search.mozilla.org already installed, older version will be disabled
1589195878294	addons.xpi-utils	WARN	Error: XPI database modified after shutdown began(resource://gre/modules/addons/XPIDatabase.jsm:1545:17) JS Stack trace: saveChanges@XPIDatabase.jsm:1545:17
makeAddonVisible@XPIDatabase.jsm:2348:10
addToDatabase@XPIDatabase.jsm:2275:12
install@XPIInstall.jsm:4320:27
update@XPIProvider.jsm:2074:13
1589195878294	addons.xpi-utils	WARN	Error: XPI database modified after shutdown began(resource://gre/modules/addons/XPIDatabase.jsm:1545:17) JS Stack trace: saveChanges@XPIDatabase.jsm:1545:17
addToDatabase@XPIDatabase.jsm:2278:10
install@XPIInstall.jsm:4320:27
update@XPIProvider.jsm:2074:13
1589195878385	addons.xpi	WARN	Addon with ID wikipedia@search.mozilla.org already installed, older version will be disabled
1589195878386	addons.xpi-utils	WARN	Error: XPI database modified after shutdown began(resource://gre/modules/addons/XPIDatabase.jsm:1545:17) JS Stack trace: saveChanges@XPIDatabase.jsm:1545:17
makeAddonVisible@XPIDatabase.jsm:2348:10
addToDatabase@XPIDatabase.jsm:2275:12
install@XPIInstall.jsm:4320:27
update@XPIProvider.jsm:2074:13
1589195878386	addons.xpi-utils	WARN	Error: XPI database modified after shutdown began(resource://gre/modules/addons/XPIDatabase.jsm:1545:17) JS Stack trace: saveChanges@XPIDatabase.jsm:1545:17
addToDatabase@XPIDatabase.jsm:2278:10
install@XPIInstall.jsm:4320:27
update@XPIProvider.jsm:2074:13
1589195878410	addons.xpi	WARN	Addon with ID ddg@search.mozilla.org already installed, older version will be disabled
1589195878411	addons.xpi-utils	WARN	Error: XPI database modified after shutdown began(resource://gre/modules/addons/XPIDatabase.jsm:1545:17) JS Stack trace: saveChanges@XPIDatabase.jsm:1545:17
makeAddonVisible@XPIDatabase.jsm:2348:10
addToDatabase@XPIDatabase.jsm:2275:12
install@XPIInstall.jsm:4320:27
update@XPIProvider.jsm:2074:13
1589195878411	addons.xpi-utils	WARN	Error: XPI database modified after shutdown began(resource://gre/modules/addons/XPIDatabase.jsm:1545:17) JS Stack trace: saveChanges@XPIDatabase.jsm:1545:17
addToDatabase@XPIDatabase.jsm:2278:10
install@XPIInstall.jsm:4320:27
update@XPIProvider.jsm:2074:13

###!!! [Child][RunMessage] Error: Channel closing: too late to send/recv, messages will be lost


###!!! [Child][MessageChannel] Error: (msgtype=0xB80016,name=PWindowGlobal::Msg_Destroy) Channel closing: too late to send/recv, messages will be lost


###!!! [Child][RunMessage] Error: Channel error: cannot send/recv


###!!! [Child][RunMessage] Error: Channel error: cannot send/recv


###!!! [Child][MessageChannel] Error: (msgtype=0x35000B,name=PCompositorBridge::Msg___delete__) Channel error: cannot send/recv

1589196338838	mozrunner::runner	INFO	Running command: "C:\\Program Files\\Mozilla Firefox\\firefox.exe" "-marionette" "-foreground" "-no-remote" "-profile" "C:\\Users\\Ejaz\\AppData\\Local\\Temp\\rust_mozprofileafaUU7"
1589196339931	addons.webextension.doh-rollout@mozilla.org	WARN	Loading extension 'doh-rollout@mozilla.org': Reading manifest: Invalid extension permission: networkStatus
1589196341593	addons.webextension.screenshots@mozilla.org	WARN	Loading extension 'screenshots@mozilla.org': Reading manifest: Invalid extension permission: mozillaAddons
1589196341593	addons.webextension.screenshots@mozilla.org	WARN	Loading extension 'screenshots@mozilla.org': Reading manifest: Invalid extension permission: telemetry
1589196341594	addons.webextension.screenshots@mozilla.org	WARN	Loading extension 'screenshots@mozilla.org': Reading manifest: Invalid extension permission: resource://pdf.js/
1589196341594	addons.webextension.screenshots@mozilla.org	WARN	Loading extension 'screenshots@mozilla.org': Reading manifest: Invalid extension permission: about:reader*
JavaScript error: resource://gre/modules/XULStore.jsm, line 66: Error: Can't find profile directory.
1589196347410	Marionette	INFO	Listening on port 51411
1589196347843	Marionette	WARN	TLS certificate errors will be ignored for this session
1589196350384	Marionette	INFO	Stopped listening on port 51411
JavaScript error: resource://activity-stream/lib/ActivityStreamPrefs.jsm, line 27: NS_ERROR_ILLEGAL_VALUE: Component returned failure code: 0x80070057 (NS_ERROR_ILLEGAL_VALUE) [nsIPrefBranch.removeObserver]

###!!! [Child][RunMessage] Error: Channel closing: too late to send/recv, messages will be lost


###!!! [Child][MessageChannel::SendAndWait] Error: Channel error: cannot send/recv

1589196371963	mozrunner::runner	INFO	Running command: "C:\\Program Files\\Mozilla Firefox\\firefox.exe" "-marionette" "-foreground" "-no-remote" "-profile" "C:\\Users\\Ejaz\\AppData\\Local\\Temp\\rust_mozprofileWaUpTA"
1589196373033	addons.webextension.doh-rollout@mozilla.org	WARN	Loading extension 'doh-rollout@mozilla.org': Reading manifest: Invalid extension permission: networkStatus
1589196374731	addons.webextension.screenshots@mozilla.org	WARN	Loading extension 'screenshots@mozilla.org': Reading manifest: Invalid extension permission: mozillaAddons
1589196374731	addons.webextension.screenshots@mozilla.org	WARN	Loading extension 'screenshots@mozilla.org': Reading manifest: Invalid extension permission: telemetry
1589196374731	addons.webextension.screenshots@mozilla.org	WARN	Loading extension 'screenshots@mozilla.org': Reading manifest: Invalid extension permission: resource://pdf.js/
1589196374731	addons.webextension.screenshots@mozilla.org	WARN	Loading extension 'screenshots@mozilla.org': Reading manifest: Invalid extension permission: about:reader*
JavaScript error: resource://gre/modules/XULStore.jsm, line 66: Error: Can't find profile directory.
1589196380011	Marionette	INFO	Listening on port 51456
1589196380487	Marionette	WARN	TLS certificate errors will be ignored for this session
JavaScript error: resource://gre/actors/AutoCompleteChild.jsm, line 196: Error: Invalid autocomplete selectedIndex
1589196384462	Marionette	INFO	Stopped listening on port 51456
JavaScript error: resource://gre/modules/UrlClassifierListManager.jsm, line 691: TypeError: this.tablesData[table] is undefined

###!!! [Child][MessageChannel::SendAndWait] Error: Channel error: cannot send/recv

1589196495604	mozrunner::runner	INFO	Running command: "C:\\Program Files\\Mozilla Firefox\\firefox.exe" "-marionette" "-foreground" "-no-remote" "-profile" "C:\\Users\\Ejaz\\AppData\\Local\\Temp\\rust_mozprofileNmMmsP"
1589196496729	addons.webextension.doh-rollout@mozilla.org	WARN	Loading extension 'doh-rollout@mozilla.org': Reading manifest: Invalid extension permission: networkStatus
1589196498397	addons.webextension.screenshots@mozilla.org	WARN	Loading extension 'screenshots@mozilla.org': Reading manifest: Invalid extension permission: mozillaAddons
1589196498397	addons.webextension.screenshots@mozilla.org	WARN	Loading extension 'screenshots@mozilla.org': Reading manifest: Invalid extension permission: telemetry
1589196498397	addons.webextension.screenshots@mozilla.org	WARN	Loading extension 'screenshots@mozilla.org': Reading manifest: Invalid extension permission: resource://pdf.js/
1589196498397	addons.webextension.screenshots@mozilla.org	WARN	Loading extension 'screenshots@mozilla.org': Reading manifest: Invalid extension permission: about:reader*
JavaScript error: resource://gre/modules/XULStore.jsm, line 66: Error: Can't find profile directory.
1589196503438	Marionette	INFO	Listening on port 51509
1589196503505	Marionette	WARN	TLS certificate errors will be ignored for this session
JavaScript error: resource://gre/actors/AutoCompleteChild.jsm, line 196: Error: Invalid autocomplete selectedIndex
1589196507461	Marionette	INFO	Stopped listening on port 51509
JavaScript error: resource://gre/modules/UrlClassifierListManager.jsm, line 691: TypeError: this.tablesData[table] is undefined

###!!! [Child][RunMessage] Error: Channel closing: too late to send/recv, messages will be lost


###!!! [Child][MessageChannel::SendAndWait] Error: Channel error: cannot send/recv

1589197448331	mozrunner::runner	INFO	Running command: "C:\\Program Files\\Mozilla Firefox\\firefox.exe" "-marionette" "-foreground" "-no-remote" "-profile" "C:\\Users\\Ejaz\\AppData\\Local\\Temp\\rust_mozprofilepaLJ0W"
1589197449425	addons.webextension.doh-rollout@mozilla.org	WARN	Loading extension 'doh-rollout@mozilla.org': Reading manifest: Invalid extension permission: networkStatus
1589197451310	addons.webextension.screenshots@mozilla.org	WARN	Loading extension 'screenshots@mozilla.org': Reading manifest: Invalid extension permission: mozillaAddons
1589197451311	addons.webextension.screenshots@mozilla.org	WARN	Loading extension 'screenshots@mozilla.org': Reading manifest: Invalid extension permission: telemetry
1589197451311	addons.webextension.screenshots@mozilla.org	WARN	Loading extension 'screenshots@mozilla.org': Reading manifest: Invalid extension permission: resource://pdf.js/
1589197451311	addons.webextension.screenshots@mozilla.org	WARN	Loading extension 'screenshots@mozilla.org': Reading manifest: Invalid extension permission: about:reader*
JavaScript error: resource://gre/modules/XULStore.jsm, line 66: Error: Can't find profile directory.
1589197456973	Marionette	INFO	Listening on port 51560
1589197457331	Marionette	WARN	TLS certificate errors will be ignored for this session
JavaScript error: resource://gre/actors/AutoCompleteChild.jsm, line 196: Error: Invalid autocomplete selectedIndex
1589197461796	Marionette	INFO	Stopped listening on port 51560
JavaScript error: resource://gre/modules/UrlClassifierListManager.jsm, line 691: TypeError: this.tablesData[table] is undefined

###!!! [Child][RunMessage] Error: Channel closing: too late to send/recv, messages will be lost


###!!! [Child][RunMessage] Error: Channel closing: too late to send/recv, messages will be lost


###!!! [Child][RunMessage] Error: Channel closing: too late to send/recv, messages will be lost


###!!! [Child][MessageChannel::SendAndWait] Error: Channel error: cannot send/recv

1589197616376	mozrunner::runner	INFO	Running command: "C:\\Program Files\\Mozilla Firefox\\firefox.exe" "-marionette" "-foreground" "-no-remote" "-profile" "C:\\Users\\Ejaz\\AppData\\Local\\Temp\\rust_mozprofilePMXFJF"
1589197617675	addons.webextension.doh-rollout@mozilla.org	WARN	Loading extension 'doh-rollout@mozilla.org': Reading manifest: Invalid extension permission: networkStatus
1589197620339	addons.webextension.screenshots@mozilla.org	WARN	Loading extension 'screenshots@mozilla.org': Reading manifest: Invalid extension permission: mozillaAddons
1589197620339	addons.webextension.screenshots@mozilla.org	WARN	Loading extension 'screenshots@mozilla.org': Reading manifest: Invalid extension permission: telemetry
1589197620339	addons.webextension.screenshots@mozilla.org	WARN	Loading extension 'screenshots@mozilla.org': Reading manifest: Invalid extension permission: resource://pdf.js/
1589197620339	addons.webextension.screenshots@mozilla.org	WARN	Loading extension 'screenshots@mozilla.org': Reading manifest: Invalid extension permission: about:reader*
JavaScript error: resource://gre/modules/XULStore.jsm, line 66: Error: Can't find profile directory.
1589197627399	Marionette	INFO	Listening on port 51609
1589197627564	Marionette	WARN	TLS certificate errors will be ignored for this session
JavaScript error: resource://gre/actors/AutoCompleteChild.jsm, line 196: Error: Invalid autocomplete selectedIndex
1589197633142	Marionette	INFO	Stopped listening on port 51609
JavaScript error: resource://gre/modules/UrlClassifierListManager.jsm, line 691: TypeError: this.tablesData[table] is undefined

###!!! [Child][MessageChannel::SendAndWait] Error: Channel error: cannot send/recv

1589197992063	mozrunner::runner	INFO	Running command: "C:\\Program Files\\Mozilla Firefox\\firefox.exe" "-marionette" "-foreground" "-no-remote" "-profile" "C:\\Users\\Ejaz\\AppData\\Local\\Temp\\rust_mozprofileQFAh6i"
1589197993138	addons.webextension.doh-rollout@mozilla.org	WARN	Loading extension 'doh-rollout@mozilla.org': Reading manifest: Invalid extension permission: networkStatus
1589197994828	addons.webextension.screenshots@mozilla.org	WARN	Loading extension 'screenshots@mozilla.org': Reading manifest: Invalid extension permission: mozillaAddons
1589197994828	addons.webextension.screenshots@mozilla.org	WARN	Loading extension 'screenshots@mozilla.org': Reading manifest: Invalid extension permission: telemetry
1589197994829	addons.webextension.screenshots@mozilla.org	WARN	Loading extension 'screenshots@mozilla.org': Reading manifest: Invalid extension permission: resource://pdf.js/
1589197994829	addons.webextension.screenshots@mozilla.org	WARN	Loading extension 'screenshots@mozilla.org': Reading manifest: Invalid extension permission: about:reader*
JavaScript error: resource://gre/modules/XULStore.jsm, line 66: Error: Can't find profile directory.
1589198000194	Marionette	INFO	Listening on port 51676
1589198000498	Marionette	WARN	TLS certificate errors will be ignored for this session
JavaScript error: resource://gre/actors/AutoCompleteChild.jsm, line 196: Error: Invalid autocomplete selectedIndex
1589198005367	Marionette	INFO	Stopped listening on port 51676
JavaScript error: resource://gre/modules/UrlClassifierListManager.jsm, line 691: TypeError: this.tablesData[table] is undefined

###!!! [Child][MessageChannel::SendAndWait] Error: Channel error: cannot send/recv

1589198033663	mozrunner::runner	INFO	Running command: "C:\\Program Files\\Mozilla Firefox\\firefox.exe" "-marionette" "-foreground" "-no-remote" "-profile" "C:\\Users\\Ejaz\\AppData\\Local\\Temp\\rust_mozprofilevYSwTy"
1589198035162	addons.webextension.doh-rollout@mozilla.org	WARN	Loading extension 'doh-rollout@mozilla.org': Reading manifest: Invalid extension permission: networkStatus
1589198037753	addons.webextension.screenshots@mozilla.org	WARN	Loading extension 'screenshots@mozilla.org': Reading manifest: Invalid extension permission: mozillaAddons
1589198037753	addons.webextension.screenshots@mozilla.org	WARN	Loading extension 'screenshots@mozilla.org': Reading manifest: Invalid extension permission: telemetry
1589198037754	addons.webextension.screenshots@mozilla.org	WARN	Loading extension 'screenshots@mozilla.org': Reading manifest: Invalid extension permission: resource://pdf.js/
1589198037754	addons.webextension.screenshots@mozilla.org	WARN	Loading extension 'screenshots@mozilla.org': Reading manifest: Invalid extension permission: about:reader*
JavaScript error: resource://gre/modules/XULStore.jsm, line 66: Error: Can't find profile directory.
1589198047260	Marionette	INFO	Listening on port 51728
1589198047572	Marionette	WARN	TLS certificate errors will be ignored for this session
JavaScript error: resource://gre/actors/AutoCompleteChild.jsm, line 196: Error: Invalid autocomplete selectedIndex
1589198050230	Marionette	INFO	Stopped listening on port 51728
JavaScript error: resource://gre/modules/UrlClassifierListManager.jsm, line 691: TypeError: this.tablesData[table] is undefined

###!!! [Child][RunMessage] Error: Channel closing: too late to send/recv, messages will be lost


###!!! [Child][MessageChannel::SendAndWait] Error: Channel error: cannot send/recv

1589198183133	mozrunner::runner	INFO	Running command: "C:\\Program Files\\Mozilla Firefox\\firefox.exe" "-marionette" "-foreground" "-no-remote" "-profile" "C:\\Users\\Ejaz\\AppData\\Local\\Temp\\rust_mozprofile1shtO7"
1589198184434	addons.webextension.doh-rollout@mozilla.org	WARN	Loading extension 'doh-rollout@mozilla.org': Reading manifest: Invalid extension permission: networkStatus
1589198186144	addons.webextension.screenshots@mozilla.org	WARN	Loading extension 'screenshots@mozilla.org': Reading manifest: Invalid extension permission: mozillaAddons
1589198186144	addons.webextension.screenshots@mozilla.org	WARN	Loading extension 'screenshots@mozilla.org': Reading manifest: Invalid extension permission: telemetry
1589198186144	addons.webextension.screenshots@mozilla.org	WARN	Loading extension 'screenshots@mozilla.org': Reading manifest: Invalid extension permission: resource://pdf.js/
1589198186144	addons.webextension.screenshots@mozilla.org	WARN	Loading extension 'screenshots@mozilla.org': Reading manifest: Invalid extension permission: about:reader*
JavaScript error: resource://gre/modules/XULStore.jsm, line 66: Error: Can't find profile directory.
1589198191343	Marionette	INFO	Listening on port 51796
1589198191603	Marionette	WARN	TLS certificate errors will be ignored for this session
JavaScript error: resource://gre/actors/AutoCompleteChild.jsm, line 196: Error: Invalid autocomplete selectedIndex
1589198196192	Marionette	INFO	Stopped listening on port 51796
JavaScript error: resource://gre/modules/UrlClassifierListManager.jsm, line 691: TypeError: this.tablesData[table] is undefined

###!!! [Child][RunMessage] Error: Channel closing: too late to send/recv, messages will be lost


###!!! [Child][MessageChannel::SendAndWait] Error: Channel error: cannot send/recv

1589198601428	mozrunner::runner	INFO	Running command: "C:\\Program Files\\Mozilla Firefox\\firefox.exe" "-marionette" "-foreground" "-no-remote" "-profile" "C:\\Users\\Ejaz\\AppData\\Local\\Temp\\rust_mozprofilemChaOM"
1589198602582	addons.webextension.doh-rollout@mozilla.org	WARN	Loading extension 'doh-rollout@mozilla.org': Reading manifest: Invalid extension permission: networkStatus
1589198604697	addons.webextension.screenshots@mozilla.org	WARN	Loading extension 'screenshots@mozilla.org': Reading manifest: Invalid extension permission: mozillaAddons
1589198604697	addons.webextension.screenshots@mozilla.org	WARN	Loading extension 'screenshots@mozilla.org': Reading manifest: Invalid extension permission: telemetry
1589198604697	addons.webextension.screenshots@mozilla.org	WARN	Loading extension 'screenshots@mozilla.org': Reading manifest: Invalid extension permission: resource://pdf.js/
1589198604697	addons.webextension.screenshots@mozilla.org	WARN	Loading extension 'screenshots@mozilla.org': Reading manifest: Invalid extension permission: about:reader*
JavaScript error: resource://gre/modules/XULStore.jsm, line 66: Error: Can't find profile directory.
1589198613024	Marionette	INFO	Listening on port 51964
1589198613387	Marionette	WARN	TLS certificate errors will be ignored for this session
JavaScript error: resource://gre/actors/AutoCompleteChild.jsm, line 196: Error: Invalid autocomplete selectedIndex
1589198621558	Marionette	INFO	Stopped listening on port 51964
JavaScript error: resource://gre/modules/UrlClassifierListManager.jsm, line 691: TypeError: this.tablesData[table] is undefined

###!!! [Child][RunMessage] Error: Channel closing: too late to send/recv, messages will be lost


###!!! [Child][MessageChannel::SendAndWait] Error: Channel error: cannot send/recv

1589198819015	mozrunner::runner	INFO	Running command: "C:\\Program Files\\Mozilla Firefox\\firefox.exe" "-marionette" "-foreground" "-no-remote" "-profile" "C:\\Users\\Ejaz\\AppData\\Local\\Temp\\rust_mozprofiler3XCLV"
1589198820465	addons.webextension.doh-rollout@mozilla.org	WARN	Loading extension 'doh-rollout@mozilla.org': Reading manifest: Invalid extension permission: networkStatus
1589198824018	addons.webextension.screenshots@mozilla.org	WARN	Loading extension 'screenshots@mozilla.org': Reading manifest: Invalid extension permission: mozillaAddons
1589198824018	addons.webextension.screenshots@mozilla.org	WARN	Loading extension 'screenshots@mozilla.org': Reading manifest: Invalid extension permission: telemetry
1589198824018	addons.webextension.screenshots@mozilla.org	WARN	Loading extension 'screenshots@mozilla.org': Reading manifest: Invalid extension permission: resource://pdf.js/
1589198824018	addons.webextension.screenshots@mozilla.org	WARN	Loading extension 'screenshots@mozilla.org': Reading manifest: Invalid extension permission: about:reader*
JavaScript error: resource://gre/modules/XULStore.jsm, line 66: Error: Can't find profile directory.
1589198830273	Marionette	INFO	Listening on port 52036
1589198830756	Marionette	WARN	TLS certificate errors will be ignored for this session
JavaScript error: resource://gre/actors/AutoCompleteChild.jsm, line 196: Error: Invalid autocomplete selectedIndex
1589198835298	Marionette	INFO	Stopped listening on port 52036
JavaScript error: resource://gre/modules/UrlClassifierListManager.jsm, line 691: TypeError: this.tablesData[table] is undefined

###!!! [Child][MessageChannel::SendAndWait] Error: Channel error: cannot send/recv

1589208583143	mozrunner::runner	INFO	Running command: "C:\\Program Files\\Mozilla Firefox\\firefox.exe" "-marionette" "-foreground" "-no-remote" "-profile" "C:\\Users\\Ejaz\\AppData\\Local\\Temp\\rust_mozprofileSuKzT0"
1589208587290	addons.webextension.doh-rollout@mozilla.org	WARN	Loading extension 'doh-rollout@mozilla.org': Reading manifest: Invalid extension permission: networkStatus
1589208589806	addons.webextension.screenshots@mozilla.org	WARN	Loading extension 'screenshots@mozilla.org': Reading manifest: Invalid extension permission: mozillaAddons
1589208589806	addons.webextension.screenshots@mozilla.org	WARN	Loading extension 'screenshots@mozilla.org': Reading manifest: Invalid extension permission: telemetry
1589208589806	addons.webextension.screenshots@mozilla.org	WARN	Loading extension 'screenshots@mozilla.org': Reading manifest: Invalid extension permission: resource://pdf.js/
1589208589806	addons.webextension.screenshots@mozilla.org	WARN	Loading extension 'screenshots@mozilla.org': Reading manifest: Invalid extension permission: about:reader*
JavaScript error: resource://gre/modules/XULStore.jsm, line 66: Error: Can't find profile directory.
1589208605920	Marionette	INFO	Listening on port 52506
1589208606359	Marionette	WARN	TLS certificate errors will be ignored for this session
JavaScript error: resource://gre/actors/AutoCompleteChild.jsm, line 196: Error: Invalid autocomplete selectedIndex
1589208613393	Marionette	INFO	Stopped listening on port 52506
JavaScript error: resource://gre/modules/UrlClassifierListManager.jsm, line 691: TypeError: this.tablesData[table] is undefined

###!!! [Child][RunMessage] Error: Channel closing: too late to send/recv, messages will be lost


###!!! [Child][MessageChannel::SendAndWait] Error: Channel error: cannot send/recv

1589223964183	mozrunner::runner	INFO	Running command: "C:\\Program Files\\Mozilla Firefox\\firefox.exe" "-marionette" "-foreground" "-no-remote" "-profile" "C:\\Users\\Ejaz\\AppData\\Local\\Temp\\rust_mozprofile91bV5u"
1589223967090	addons.webextension.doh-rollout@mozilla.org	WARN	Loading extension 'doh-rollout@mozilla.org': Reading manifest: Invalid extension permission: networkStatus
1589223970243	addons.webextension.screenshots@mozilla.org	WARN	Loading extension 'screenshots@mozilla.org': Reading manifest: Invalid extension permission: mozillaAddons
1589223970243	addons.webextension.screenshots@mozilla.org	WARN	Loading extension 'screenshots@mozilla.org': Reading manifest: Invalid extension permission: telemetry
1589223970243	addons.webextension.screenshots@mozilla.org	WARN	Loading extension 'screenshots@mozilla.org': Reading manifest: Invalid extension permission: resource://pdf.js/
1589223970244	addons.webextension.screenshots@mozilla.org	WARN	Loading extension 'screenshots@mozilla.org': Reading manifest: Invalid extension permission: about:reader*
JavaScript error: resource://gre/modules/XULStore.jsm, line 66: Error: Can't find profile directory.

###!!! [Child][RunMessage] Error: Channel closing: too late to send/recv, messages will be lost

1589223983056	Marionette	INFO	Listening on port 53220
1589223983628	Marionette	WARN	TLS certificate errors will be ignored for this session
JavaScript error: resource://gre/actors/AutoCompleteChild.jsm, line 196: Error: Invalid autocomplete selectedIndex
1589223989286	Marionette	INFO	Stopped listening on port 53220
console.warn: services.settings: main/messaging-experiments sync interrupted by shutdown
JavaScript error: resource://gre/modules/UrlClassifierListManager.jsm, line 691: TypeError: this.tablesData[table] is undefined

###!!! [Child][MessageChannel::SendAndWait] Error: Channel error: cannot send/recv

1589224681791	mozrunner::runner	INFO	Running command: "C:\\Program Files\\Mozilla Firefox\\firefox.exe" "-marionette" "-foreground" "-no-remote" "-profile" "C:\\Users\\Ejaz\\AppData\\Local\\Temp\\rust_mozprofileJdOFT5"
1589224683634	addons.webextension.doh-rollout@mozilla.org	WARN	Loading extension 'doh-rollout@mozilla.org': Reading manifest: Invalid extension permission: networkStatus
1589224685785	addons.webextension.screenshots@mozilla.org	WARN	Loading extension 'screenshots@mozilla.org': Reading manifest: Invalid extension permission: mozillaAddons
1589224685785	addons.webextension.screenshots@mozilla.org	WARN	Loading extension 'screenshots@mozilla.org': Reading manifest: Invalid extension permission: telemetry
1589224685786	addons.webextension.screenshots@mozilla.org	WARN	Loading extension 'screenshots@mozilla.org': Reading manifest: Invalid extension permission: resource://pdf.js/
1589224685786	addons.webextension.screenshots@mozilla.org	WARN	Loading extension 'screenshots@mozilla.org': Reading manifest: Invalid extension permission: about:reader*
JavaScript error: resource://gre/modules/XULStore.jsm, line 66: Error: Can't find profile directory.
1589224692965	Marionette	INFO	Listening on port 53355
1589224693363	Marionette	WARN	TLS certificate errors will be ignored for this session
JavaScript error: resource://gre/actors/AutoCompleteChild.jsm, line 196: Error: Invalid autocomplete selectedIndex
1589224697762	Marionette	INFO	Stopped listening on port 53355
JavaScript error: resource://gre/modules/UrlClassifierListManager.jsm, line 691: TypeError: this.tablesData[table] is undefined
1589224699229	addons.xpi	WARN	Addon with ID amazondotcom@search.mozilla.org already installed, older version will be disabled
1589224699230	addons.xpi-utils	WARN	Error: XPI database modified after shutdown began(resource://gre/modules/addons/XPIDatabase.jsm:1545:17) JS Stack trace: saveChanges@XPIDatabase.jsm:1545:17
makeAddonVisible@XPIDatabase.jsm:2348:10
addToDatabase@XPIDatabase.jsm:2275:12
install@XPIInstall.jsm:4320:27
update@XPIProvider.jsm:2074:13
1589224699230	addons.xpi-utils	WARN	Error: XPI database modified after shutdown began(resource://gre/modules/addons/XPIDatabase.jsm:1545:17) JS Stack trace: saveChanges@XPIDatabase.jsm:1545:17
addToDatabase@XPIDatabase.jsm:2278:10
install@XPIInstall.jsm:4320:27
update@XPIProvider.jsm:2074:13
1589224699270	addons.xpi	WARN	Addon with ID bing@search.mozilla.org already installed, older version will be disabled
1589224699270	addons.xpi-utils	WARN	Error: XPI database modified after shutdown began(resource://gre/modules/addons/XPIDatabase.jsm:1545:17) JS Stack trace: saveChanges@XPIDatabase.jsm:1545:17
makeAddonVisible@XPIDatabase.jsm:2348:10
addToDatabase@XPIDatabase.jsm:2275:12
install@XPIInstall.jsm:4320:27
update@XPIProvider.jsm:2074:13
1589224699271	addons.xpi-utils	WARN	Error: XPI database modified after shutdown began(resource://gre/modules/addons/XPIDatabase.jsm:1545:17) JS Stack trace: saveChanges@XPIDatabase.jsm:1545:17
addToDatabase@XPIDatabase.jsm:2278:10
install@XPIInstall.jsm:4320:27
update@XPIProvider.jsm:2074:13
1589224699295	addons.xpi	WARN	Addon with ID google@search.mozilla.org already installed, older version will be disabled
1589224699296	addons.xpi-utils	WARN	Error: XPI database modified after shutdown began(resource://gre/modules/addons/XPIDatabase.jsm:1545:17) JS Stack trace: saveChanges@XPIDatabase.jsm:1545:17
makeAddonVisible@XPIDatabase.jsm:2348:10
addToDatabase@XPIDatabase.jsm:2275:12
install@XPIInstall.jsm:4320:27
update@XPIProvider.jsm:2074:13
1589224699296	addons.xpi-utils	WARN	Error: XPI database modified after shutdown began(resource://gre/modules/addons/XPIDatabase.jsm:1545:17) JS Stack trace: saveChanges@XPIDatabase.jsm:1545:17
addToDatabase@XPIDatabase.jsm:2278:10
install@XPIInstall.jsm:4320:27
update@XPIProvider.jsm:2074:13
1589224699329	addons.xpi	WARN	Addon with ID twitter@search.mozilla.org already installed, older version will be disabled
1589224699330	addons.xpi-utils	WARN	Error: XPI database modified after shutdown began(resource://gre/modules/addons/XPIDatabase.jsm:1545:17) JS Stack trace: saveChanges@XPIDatabase.jsm:1545:17
makeAddonVisible@XPIDatabase.jsm:2348:10
addToDatabase@XPIDatabase.jsm:2275:12
install@XPIInstall.jsm:4320:27
update@XPIProvider.jsm:2074:13
1589224699330	addons.xpi-utils	WARN	Error: XPI database modified after shutdown began(resource://gre/modules/addons/XPIDatabase.jsm:1545:17) JS Stack trace: saveChanges@XPIDatabase.jsm:1545:17
addToDatabase@XPIDatabase.jsm:2278:10
install@XPIInstall.jsm:4320:27
update@XPIProvider.jsm:2074:13
1589224699394	addons.xpi	WARN	Addon with ID wikipedia@search.mozilla.org already installed, older version will be disabled
1589224699395	addons.xpi-utils	WARN	Error: XPI database modified after shutdown began(resource://gre/modules/addons/XPIDatabase.jsm:1545:17) JS Stack trace: saveChanges@XPIDatabase.jsm:1545:17
makeAddonVisible@XPIDatabase.jsm:2348:10
addToDatabase@XPIDatabase.jsm:2275:12
install@XPIInstall.jsm:4320:27
update@XPIProvider.jsm:2074:13
1589224699395	addons.xpi-utils	WARN	Error: XPI database modified after shutdown began(resource://gre/modules/addons/XPIDatabase.jsm:1545:17) JS Stack trace: saveChanges@XPIDatabase.jsm:1545:17
addToDatabase@XPIDatabase.jsm:2278:10
install@XPIInstall.jsm:4320:27
update@XPIProvider.jsm:2074:13
1589224699417	addons.xpi	WARN	Addon with ID ddg@search.mozilla.org already installed, older version will be disabled
1589224699417	addons.xpi-utils	WARN	Error: XPI database modified after shutdown began(resource://gre/modules/addons/XPIDatabase.jsm:1545:17) JS Stack trace: saveChanges@XPIDatabase.jsm:1545:17
makeAddonVisible@XPIDatabase.jsm:2348:10
addToDatabase@XPIDatabase.jsm:2275:12
install@XPIInstall.jsm:4320:27
update@XPIProvider.jsm:2074:13
1589224699418	addons.xpi-utils	WARN	Error: XPI database modified after shutdown began(resource://gre/modules/addons/XPIDatabase.jsm:1545:17) JS Stack trace: saveChanges@XPIDatabase.jsm:1545:17
addToDatabase@XPIDatabase.jsm:2278:10
install@XPIInstall.jsm:4320:27
update@XPIProvider.jsm:2074:13

###!!! [Child][RunMessage] Error: Channel closing: too late to send/recv, messages will be lost


###!!! [Child][MessageChannel::SendAndWait] Error: Channel error: cannot send/recv

1589282806437	mozrunner::runner	INFO	Running command: "C:\\Program Files\\Mozilla Firefox\\firefox.exe" "-marionette" "-foreground" "-no-remote" "-profile" "C:\\Users\\Ejaz\\AppData\\Local\\Temp\\rust_mozprofilea0PIF8"
1589282808675	addons.webextension.doh-rollout@mozilla.org	WARN	Loading extension 'doh-rollout@mozilla.org': Reading manifest: Invalid extension permission: networkStatus
1589282810527	addons.webextension.screenshots@mozilla.org	WARN	Loading extension 'screenshots@mozilla.org': Reading manifest: Invalid extension permission: mozillaAddons
1589282810527	addons.webextension.screenshots@mozilla.org	WARN	Loading extension 'screenshots@mozilla.org': Reading manifest: Invalid extension permission: telemetry
1589282810527	addons.webextension.screenshots@mozilla.org	WARN	Loading extension 'screenshots@mozilla.org': Reading manifest: Invalid extension permission: resource://pdf.js/
1589282810527	addons.webextension.screenshots@mozilla.org	WARN	Loading extension 'screenshots@mozilla.org': Reading manifest: Invalid extension permission: about:reader*
JavaScript error: resource://gre/modules/XULStore.jsm, line 66: Error: Can't find profile directory.
1589282821205	Marionette	INFO	Listening on port 50067
1589282821509	Marionette	WARN	TLS certificate errors will be ignored for this session
JavaScript error: resource://gre/actors/AutoCompleteChild.jsm, line 196: Error: Invalid autocomplete selectedIndex
1589282827798	Marionette	INFO	Stopped listening on port 50067

###!!! [Child][RunMessage] Error: Channel closing: too late to send/recv, messages will be lost


###!!! [Child][RunMessage] Error: Channel closing: too late to send/recv, messages will be lost


###!!! [Child][MessageChannel::SendAndWait] Error: Channel error: cannot send/recv

1589283529842	mozrunner::runner	INFO	Running command: "C:\\Program Files\\Mozilla Firefox\\firefox.exe" "-marionette" "-foreground" "-no-remote" "-profile" "C:\\Users\\Ejaz\\AppData\\Local\\Temp\\rust_mozprofile751K4O"
1589283531117	addons.webextension.doh-rollout@mozilla.org	WARN	Loading extension 'doh-rollout@mozilla.org': Reading manifest: Invalid extension permission: networkStatus
1589283532648	addons.webextension.screenshots@mozilla.org	WARN	Loading extension 'screenshots@mozilla.org': Reading manifest: Invalid extension permission: mozillaAddons
1589283532648	addons.webextension.screenshots@mozilla.org	WARN	Loading extension 'screenshots@mozilla.org': Reading manifest: Invalid extension permission: telemetry
1589283532649	addons.webextension.screenshots@mozilla.org	WARN	Loading extension 'screenshots@mozilla.org': Reading manifest: Invalid extension permission: resource://pdf.js/
1589283532649	addons.webextension.screenshots@mozilla.org	WARN	Loading extension 'screenshots@mozilla.org': Reading manifest: Invalid extension permission: about:reader*
JavaScript error: resource://gre/modules/XULStore.jsm, line 66: Error: Can't find profile directory.
1589283536790	Marionette	INFO	Listening on port 50184
1589283537078	Marionette	WARN	TLS certificate errors will be ignored for this session
JavaScript error: resource://gre/actors/AutoCompleteChild.jsm, line 196: Error: Invalid autocomplete selectedIndex
1589283541817	Marionette	INFO	Stopped listening on port 50184
JavaScript error: resource://gre/modules/UrlClassifierListManager.jsm, line 691: TypeError: this.tablesData[table] is undefined

###!!! [Child][RunMessage] Error: Channel closing: too late to send/recv, messages will be lost

[Parent 9376, Gecko_IOThread] WARNING: pipe error: 232: file /builds/worker/checkouts/gecko/ipc/chromium/src/chrome/common/ipc_channel_win.cc, line 522

###!!! [Child][MessageChannel::SendAndWait] Error: Channel error: cannot send/recv

1589283553244	mozrunner::runner	INFO	Running command: "C:\\Program Files\\Mozilla Firefox\\firefox.exe" "-marionette" "-foreground" "-no-remote" "-profile" "C:\\Users\\Ejaz\\AppData\\Local\\Temp\\rust_mozprofileghKk61"
1589283554830	addons.webextension.doh-rollout@mozilla.org	WARN	Loading extension 'doh-rollout@mozilla.org': Reading manifest: Invalid extension permission: networkStatus
1589283556216	addons.webextension.screenshots@mozilla.org	WARN	Loading extension 'screenshots@mozilla.org': Reading manifest: Invalid extension permission: mozillaAddons
1589283556216	addons.webextension.screenshots@mozilla.org	WARN	Loading extension 'screenshots@mozilla.org': Reading manifest: Invalid extension permission: telemetry
1589283556216	addons.webextension.screenshots@mozilla.org	WARN	Loading extension 'screenshots@mozilla.org': Reading manifest: Invalid extension permission: resource://pdf.js/
1589283556216	addons.webextension.screenshots@mozilla.org	WARN	Loading extension 'screenshots@mozilla.org': Reading manifest: Invalid extension permission: about:reader*
JavaScript error: resource://gre/modules/XULStore.jsm, line 66: Error: Can't find profile directory.
1589283559781	Marionette	INFO	Listening on port 50234
1589283559891	Marionette	WARN	TLS certificate errors will be ignored for this session
JavaScript error: resource://gre/actors/AutoCompleteChild.jsm, line 196: Error: Invalid autocomplete selectedIndex
1589283564796	Marionette	INFO	Stopped listening on port 50234
console.warn: services.settings: main/whats-new-panel sync interrupted by shutdown
JavaScript error: resource://gre/modules/UrlClassifierListManager.jsm, line 691: TypeError: this.tablesData[table] is undefined

###!!! [Child][MessageChannel::SendAndWait] Error: Channel error: cannot send/recv

1589283680154	mozrunner::runner	INFO	Running command: "C:\\Program Files\\Mozilla Firefox\\firefox.exe" "-marionette" "-foreground" "-no-remote" "-profile" "C:\\Users\\Ejaz\\AppData\\Local\\Temp\\rust_mozprofileugAoPF"
1589283681286	addons.webextension.doh-rollout@mozilla.org	WARN	Loading extension 'doh-rollout@mozilla.org': Reading manifest: Invalid extension permission: networkStatus
1589283682940	addons.webextension.screenshots@mozilla.org	WARN	Loading extension 'screenshots@mozilla.org': Reading manifest: Invalid extension permission: mozillaAddons
1589283682940	addons.webextension.screenshots@mozilla.org	WARN	Loading extension 'screenshots@mozilla.org': Reading manifest: Invalid extension permission: telemetry
1589283682940	addons.webextension.screenshots@mozilla.org	WARN	Loading extension 'screenshots@mozilla.org': Reading manifest: Invalid extension permission: resource://pdf.js/
1589283682941	addons.webextension.screenshots@mozilla.org	WARN	Loading extension 'screenshots@mozilla.org': Reading manifest: Invalid extension permission: about:reader*
JavaScript error: resource://gre/modules/XULStore.jsm, line 66: Error: Can't find profile directory.
1589283690835	Marionette	INFO	Listening on port 50295
1589283690922	Marionette	WARN	TLS certificate errors will be ignored for this session
JavaScript error: resource://gre/actors/AutoCompleteChild.jsm, line 196: Error: Invalid autocomplete selectedIndex
1589283694183	Marionette	INFO	Stopped listening on port 50295
JavaScript error: resource://gre/modules/UrlClassifierListManager.jsm, line 691: TypeError: this.tablesData[table] is undefined

###!!! [Child][MessageChannel::SendAndWait] Error: Channel error: cannot send/recv

1589283709105	mozrunner::runner	INFO	Running command: "C:\\Program Files\\Mozilla Firefox\\firefox.exe" "-marionette" "-foreground" "-no-remote" "-profile" "C:\\Users\\Ejaz\\AppData\\Local\\Temp\\rust_mozprofile29vyoM"
1589283710408	addons.webextension.doh-rollout@mozilla.org	WARN	Loading extension 'doh-rollout@mozilla.org': Reading manifest: Invalid extension permission: networkStatus
1589283711838	addons.webextension.screenshots@mozilla.org	WARN	Loading extension 'screenshots@mozilla.org': Reading manifest: Invalid extension permission: mozillaAddons
1589283711838	addons.webextension.screenshots@mozilla.org	WARN	Loading extension 'screenshots@mozilla.org': Reading manifest: Invalid extension permission: telemetry
1589283711838	addons.webextension.screenshots@mozilla.org	WARN	Loading extension 'screenshots@mozilla.org': Reading manifest: Invalid extension permission: resource://pdf.js/
1589283711838	addons.webextension.screenshots@mozilla.org	WARN	Loading extension 'screenshots@mozilla.org': Reading manifest: Invalid extension permission: about:reader*
JavaScript error: resource://gre/modules/XULStore.jsm, line 66: Error: Can't find profile directory.
1589283717320	Marionette	INFO	Listening on port 50354
1589283717827	Marionette	WARN	TLS certificate errors will be ignored for this session
JavaScript error: resource://gre/actors/AutoCompleteChild.jsm, line 196: Error: Invalid autocomplete selectedIndex
1589283720448	Marionette	INFO	Stopped listening on port 50354
JavaScript error: resource://gre/modules/UrlClassifierListManager.jsm, line 691: TypeError: this.tablesData[table] is undefined

###!!! [Child][RunMessage] Error: Channel closing: too late to send/recv, messages will be lost


###!!! [Child][MessageChannel::SendAndWait] Error: Channel error: cannot send/recv

1589289213586	mozrunner::runner	INFO	Running command: "C:\\Program Files\\Mozilla Firefox\\firefox.exe" "-marionette" "-foreground" "-no-remote" "-profile" "C:\\Users\\Ejaz\\AppData\\Local\\Temp\\rust_mozprofileeB3TEV"
1589289215937	addons.webextension.doh-rollout@mozilla.org	WARN	Loading extension 'doh-rollout@mozilla.org': Reading manifest: Invalid extension permission: networkStatus
1589289218441	addons.webextension.screenshots@mozilla.org	WARN	Loading extension 'screenshots@mozilla.org': Reading manifest: Invalid extension permission: mozillaAddons
1589289218441	addons.webextension.screenshots@mozilla.org	WARN	Loading extension 'screenshots@mozilla.org': Reading manifest: Invalid extension permission: telemetry
1589289218441	addons.webextension.screenshots@mozilla.org	WARN	Loading extension 'screenshots@mozilla.org': Reading manifest: Invalid extension permission: resource://pdf.js/
1589289218441	addons.webextension.screenshots@mozilla.org	WARN	Loading extension 'screenshots@mozilla.org': Reading manifest: Invalid extension permission: about:reader*
JavaScript error: resource://gre/modules/XULStore.jsm, line 66: Error: Can't find profile directory.
1589289227853	Marionette	INFO	Listening on port 50596
1589289228086	Marionette	WARN	TLS certificate errors will be ignored for this session
JavaScript error: resource://gre/actors/AutoCompleteChild.jsm, line 196: Error: Invalid autocomplete selectedIndex
1589289233058	Marionette	INFO	Stopped listening on port 50596
IPDL protocol error: Handler returned error code!

###!!! [Parent][DispatchAsyncMessage] Error: PLayerTransaction::Msg_ReleaseLayer Processing error: message was deserialized, but the handler returned false (indicating failure)

IPDL protocol error: Handler returned error code!

###!!! [Parent][DispatchAsyncMessage] Error: PLayerTransaction::Msg_ReleaseLayer Processing error: message was deserialized, but the handler returned false (indicating failure)

JavaScript error: resource://gre/modules/UrlClassifierListManager.jsm, line 691: TypeError: this.tablesData[table] is undefined

###!!! [Child][RunMessage] Error: Channel closing: too late to send/recv, messages will be lost


###!!! [Child][MessageChannel::SendAndWait] Error: Channel error: cannot send/recv

1589384576869	mozrunner::runner	INFO	Running command: "C:\\Program Files\\Mozilla Firefox\\firefox.exe" "-marionette" "-foreground" "-no-remote" "-profile" "C:\\Users\\Ejaz\\AppData\\Local\\Temp\\rust_mozprofileRth3D0"
1589384579334	addons.webextension.doh-rollout@mozilla.org	WARN	Loading extension 'doh-rollout@mozilla.org': Reading manifest: Invalid extension permission: networkStatus
1589384581711	addons.webextension.screenshots@mozilla.org	WARN	Loading extension 'screenshots@mozilla.org': Reading manifest: Invalid extension permission: mozillaAddons
1589384581711	addons.webextension.screenshots@mozilla.org	WARN	Loading extension 'screenshots@mozilla.org': Reading manifest: Invalid extension permission: telemetry
1589384581711	addons.webextension.screenshots@mozilla.org	WARN	Loading extension 'screenshots@mozilla.org': Reading manifest: Invalid extension permission: resource://pdf.js/
1589384581711	addons.webextension.screenshots@mozilla.org	WARN	Loading extension 'screenshots@mozilla.org': Reading manifest: Invalid extension permission: about:reader*
JavaScript error: resource://gre/modules/XULStore.jsm, line 66: Error: Can't find profile directory.
1589384594971	Marionette	INFO	Listening on port 50565
1589384595310	Marionette	WARN	TLS certificate errors will be ignored for this session
JavaScript error: resource://gre/actors/AutoCompleteChild.jsm, line 196: Error: Invalid autocomplete selectedIndex
1589384598189	Marionette	INFO	Stopped listening on port 50565

###!!! [Child][RunMessage] Error: Channel closing: too late to send/recv, messages will be lost


###!!! [Child][MessageChannel::SendAndWait] Error: Channel error: cannot send/recv

1589385807951	mozrunner::runner	INFO	Running command: "C:\\Program Files\\Mozilla Firefox\\firefox.exe" "-marionette" "-foreground" "-no-remote" "-profile" "C:\\Users\\Ejaz\\AppData\\Local\\Temp\\rust_mozprofilef81143"
1589385808728	addons.webextension.doh-rollout@mozilla.org	WARN	Loading extension 'doh-rollout@mozilla.org': Reading manifest: Invalid extension permission: networkStatus
1589385810178	addons.webextension.screenshots@mozilla.org	WARN	Loading extension 'screenshots@mozilla.org': Reading manifest: Invalid extension permission: mozillaAddons
1589385810178	addons.webextension.screenshots@mozilla.org	WARN	Loading extension 'screenshots@mozilla.org': Reading manifest: Invalid extension permission: telemetry
1589385810178	addons.webextension.screenshots@mozilla.org	WARN	Loading extension 'screenshots@mozilla.org': Reading manifest: Invalid extension permission: resource://pdf.js/
1589385810178	addons.webextension.screenshots@mozilla.org	WARN	Loading extension 'screenshots@mozilla.org': Reading manifest: Invalid extension permission: about:reader*
JavaScript error: resource://gre/modules/XULStore.jsm, line 66: Error: Can't find profile directory.
1589385813810	Marionette	INFO	Listening on port 50676
1589385814050	Marionette	WARN	TLS certificate errors will be ignored for this session
JavaScript error: resource://gre/actors/AutoCompleteChild.jsm, line 196: Error: Invalid autocomplete selectedIndex
1589385818695	Marionette	INFO	Stopped listening on port 50676
JavaScript error: resource://gre/modules/UrlClassifierListManager.jsm, line 691: TypeError: this.tablesData[table] is undefined

###!!! [Child][RunMessage] Error: Channel closing: too late to send/recv, messages will be lost


###!!! [Child][MessageChannel::SendAndWait] Error: Channel error: cannot send/recv

1589385910009	mozrunner::runner	INFO	Running command: "C:\\Program Files\\Mozilla Firefox\\firefox.exe" "-marionette" "-foreground" "-no-remote" "-profile" "C:\\Users\\Ejaz\\AppData\\Local\\Temp\\rust_mozprofileOcgp2O"
1589385911154	addons.webextension.doh-rollout@mozilla.org	WARN	Loading extension 'doh-rollout@mozilla.org': Reading manifest: Invalid extension permission: networkStatus
1589385912581	addons.webextension.screenshots@mozilla.org	WARN	Loading extension 'screenshots@mozilla.org': Reading manifest: Invalid extension permission: mozillaAddons
1589385912581	addons.webextension.screenshots@mozilla.org	WARN	Loading extension 'screenshots@mozilla.org': Reading manifest: Invalid extension permission: telemetry
1589385912582	addons.webextension.screenshots@mozilla.org	WARN	Loading extension 'screenshots@mozilla.org': Reading manifest: Invalid extension permission: resource://pdf.js/
1589385912582	addons.webextension.screenshots@mozilla.org	WARN	Loading extension 'screenshots@mozilla.org': Reading manifest: Invalid extension permission: about:reader*
JavaScript error: resource://gre/modules/XULStore.jsm, line 66: Error: Can't find profile directory.
1589385917408	Marionette	INFO	Listening on port 50744
1589385917472	Marionette	WARN	TLS certificate errors will be ignored for this session
JavaScript error: resource://gre/actors/AutoCompleteChild.jsm, line 196: Error: Invalid autocomplete selectedIndex
1589385922590	Marionette	INFO	Stopped listening on port 50744

###!!! [Child][RunMessage] Error: Channel closing: too late to send/recv, messages will be lost

JavaScript error: resource://gre/modules/UrlClassifierListManager.jsm, line 691: TypeError: this.tablesData[table] is undefined

###!!! [Child][RunMessage] Error: Channel closing: too late to send/recv, messages will be lost


###!!! [Child][MessageChannel::SendAndWait] Error: Channel error: cannot send/recv

1589386070447	mozrunner::runner	INFO	Running command: "C:\\Program Files\\Mozilla Firefox\\firefox.exe" "-marionette" "-foreground" "-no-remote" "-profile" "C:\\Users\\Ejaz\\AppData\\Local\\Temp\\rust_mozprofileS4LRAn"
1589386072371	addons.webextension.doh-rollout@mozilla.org	WARN	Loading extension 'doh-rollout@mozilla.org': Reading manifest: Invalid extension permission: networkStatus
1589386074007	addons.webextension.screenshots@mozilla.org	WARN	Loading extension 'screenshots@mozilla.org': Reading manifest: Invalid extension permission: mozillaAddons
1589386074007	addons.webextension.screenshots@mozilla.org	WARN	Loading extension 'screenshots@mozilla.org': Reading manifest: Invalid extension permission: telemetry
1589386074008	addons.webextension.screenshots@mozilla.org	WARN	Loading extension 'screenshots@mozilla.org': Reading manifest: Invalid extension permission: resource://pdf.js/
1589386074008	addons.webextension.screenshots@mozilla.org	WARN	Loading extension 'screenshots@mozilla.org': Reading manifest: Invalid extension permission: about:reader*
JavaScript error: resource://gre/modules/XULStore.jsm, line 66: Error: Can't find profile directory.
1589386078096	Marionette	INFO	Listening on port 50808
1589386078206	Marionette	WARN	TLS certificate errors will be ignored for this session
JavaScript error: resource://gre/actors/AutoCompleteChild.jsm, line 196: Error: Invalid autocomplete selectedIndex
1589386084843	Marionette	INFO	Stopped listening on port 50808

###!!! [Child][RunMessage] Error: Channel closing: too late to send/recv, messages will be lost


###!!! [Child][MessageChannel::SendAndWait] Error: Channel error: cannot send/recv

1589390655709	mozrunner::runner	INFO	Running command: "C:\\Program Files\\Mozilla Firefox\\firefox.exe" "-marionette" "-foreground" "-no-remote" "-profile" "C:\\Users\\Ejaz\\AppData\\Local\\Temp\\rust_mozprofile1sW8pJ"
1589390657832	addons.webextension.doh-rollout@mozilla.org	WARN	Loading extension 'doh-rollout@mozilla.org': Reading manifest: Invalid extension permission: networkStatus
1589390659535	addons.webextension.screenshots@mozilla.org	WARN	Loading extension 'screenshots@mozilla.org': Reading manifest: Invalid extension permission: mozillaAddons
1589390659535	addons.webextension.screenshots@mozilla.org	WARN	Loading extension 'screenshots@mozilla.org': Reading manifest: Invalid extension permission: telemetry
1589390659535	addons.webextension.screenshots@mozilla.org	WARN	Loading extension 'screenshots@mozilla.org': Reading manifest: Invalid extension permission: resource://pdf.js/
1589390659535	addons.webextension.screenshots@mozilla.org	WARN	Loading extension 'screenshots@mozilla.org': Reading manifest: Invalid extension permission: about:reader*
JavaScript error: resource://gre/modules/XULStore.jsm, line 66: Error: Can't find profile directory.
1589390672024	Marionette	INFO	Listening on port 51020
1589390674571	Marionette	WARN	TLS certificate errors will be ignored for this session
1589390798952	Marionette	INFO	Stopped listening on port 51020
ram Files\\Mozilla Firefox\\firefox.exe" "-marionette" "-foreground" "-no-remote" "-profile" "C:\\Users\\Ejaz\\AppData\\Local\\Temp\\rust_mozprofilep2FrBH"
1589390679009	addons.webextension.doh-rollout@mozilla.org	WARN	Loading extension 'doh-rollout@mozilla.org': Reading manifest: Invalid extension permission: networkStatus
1589390681481	addons.webextension.screenshots@mozilla.org	WARN	Loading extension 'screenshots@mozilla.org': Reading manifest: Invalid extension permission: mozillaAddons
1589390681481	addons.webextension.screenshots@mozilla.org	WARN	Loading extension 'screenshots@mozilla.org': Reading manifest: Invalid extension permission: telemetry
1589390681481	addons.webextension.screenshots@mozilla.org	WARN	Loading extension 'screenshots@mozilla.org': Reading manifest: Invalid extension permission: resource://pdf.js/
1589390681481	addons.webextension.screenshots@mozilla.org	WARN	Loading extension 'screenshots@mozilla.org': Reading manifest: Invalid extension permission: about:reader*
JavaScript error: resource://gre/modules/XULStore.jsm, line 66: Error: Can't find profile directory.
1589390685895	Marionette	INFO	Listening on port 51083
1589390686257	Marionette	WARN	TLS certificate errors will be ignored for this session
1589391918191	Marionette	INFO	Stopped listening on port 51083

###!!! [Child][RunMessage] Error: Channel closing: too late to send/recv, messages will be lost

rs\\Ejaz\\AppData\\Local\\Temp\\rust_mozprofilewZU5Bc"
1589390829756	addons.webextension.doh-rollout@mozilla.org	WARN	Loading extension 'doh-rollout@mozilla.org': Reading manifest: Invalid extension permission: networkStatus
1589390837247	addons.webextension.screenshots@mozilla.org	WARN	Loading extension 'screenshots@mozilla.org': Reading manifest: Invalid extension permission: mozillaAddons
1589390837247	addons.webextension.screenshots@mozilla.org	WARN	Loading extension 'screenshots@mozilla.org': Reading manifest: Invalid extension permission: telemetry
1589390837248	addons.webextension.screenshots@mozilla.org	WARN	Loading extension 'screenshots@mozilla.org': Reading manifest: Invalid extension permission: resource://pdf.js/
1589390837248	addons.webextension.screenshots@mozilla.org	WARN	Loading extension 'screenshots@mozilla.org': Reading manifest: Invalid extension permission: about:reader*
JavaScript error: resource://gre/modules/XULStore.jsm, line 66: Error: Can't find profile directory.
1589390843077	Marionette	INFO	Listening on port 51191
1589390843557	Marionette	WARN	TLS certificate errors will be ignored for this session
1589390849248	Marionette	INFO	Stopped listening on port 51191
JavaScript error: resource://activity-stream/lib/ActivityStreamPrefs.jsm, line 27: NS_ERROR_ILLEGAL_VALUE: Component returned failure code: 0x80070057 (NS_ERROR_ILLEGAL_VALUE) [nsIPrefBranch.removeObserver]

###!!! [Child][RunMessage] Error: Channel closing: too late to send/recv, messages will be lost


###!!! [Child][RunMessage] Error: Channel closing: too late to send/recv, messages will be lost

JavaScript error: resource://gre/modules/UrlClassifierListManager.jsm, line 691: TypeError: this.tablesData[table] is undefined
1589390851513	addons.xpi	WARN	Addon with ID amazondotcom@search.mozilla.org already installed, older version will be disabled
1589390851514	addons.xpi-utils	WARN	Error: XPI database modified after shutdown began(resource://gre/modules/addons/XPIDatabase.jsm:1545:17) JS Stack trace: saveChanges@XPIDatabase.jsm:1545:17
makeAddonVisible@XPIDatabase.jsm:2348:10
addToDatabase@XPIDatabase.jsm:2275:12
install@XPIInstall.jsm:4320:27
update@XPIProvider.jsm:2074:13
1589390851515	addons.xpi-utils	WARN	Error: XPI database modified after shutdown began(resource://gre/modules/addons/XPIDatabase.jsm:1545:17) JS Stack trace: saveChanges@XPIDatabase.jsm:1545:17
addToDatabase@XPIDatabase.jsm:2278:10
install@XPIInstall.jsm:4320:27
update@XPIProvider.jsm:2074:13
1589390851543	addons.xpi	WARN	Addon with ID bing@search.mozilla.org already installed, older version will be disabled
1589390851544	addons.xpi-utils	WARN	Error: XPI database modified after shutdown began(resource://gre/modules/addons/XPIDatabase.jsm:1545:17) JS Stack trace: saveChanges@XPIDatabase.jsm:1545:17
makeAddonVisible@XPIDatabase.jsm:2348:10
addToDatabase@XPIDatabase.jsm:2275:12
install@XPIInstall.jsm:4320:27
update@XPIProvider.jsm:2074:13
1589390851544	addons.xpi-utils	WARN	Error: XPI database modified after shutdown began(resource://gre/modules/addons/XPIDatabase.jsm:1545:17) JS Stack trace: saveChanges@XPIDatabase.jsm:1545:17
addToDatabase@XPIDatabase.jsm:2278:10
install@XPIInstall.jsm:4320:27
update@XPIProvider.jsm:2074:13
1589390851572	addons.xpi	WARN	Addon with ID google@search.mozilla.org already installed, older version will be disabled
1589390851572	addons.xpi-utils	WARN	Error: XPI database modified after shutdown began(resource://gre/modules/addons/XPIDatabase.jsm:1545:17) JS Stack trace: saveChanges@XPIDatabase.jsm:1545:17
makeAddonVisible@XPIDatabase.jsm:2348:10
addToDatabase@XPIDatabase.jsm:2275:12
install@XPIInstall.jsm:4320:27
update@XPIProvider.jsm:2074:13
1589390851573	addons.xpi-utils	WARN	Error: XPI database modified after shutdown began(resource://gre/modules/addons/XPIDatabase.jsm:1545:17) JS Stack trace: saveChanges@XPIDatabase.jsm:1545:17
addToDatabase@XPIDatabase.jsm:2278:10
install@XPIInstall.jsm:4320:27
update@XPIProvider.jsm:2074:13
1589390851605	addons.xpi	WARN	Addon with ID twitter@search.mozilla.org already installed, older version will be disabled
1589390851606	addons.xpi-utils	WARN	Error: XPI database modified after shutdown began(resource://gre/modules/addons/XPIDatabase.jsm:1545:17) JS Stack trace: saveChanges@XPIDatabase.jsm:1545:17
makeAddonVisible@XPIDatabase.jsm:2348:10
addToDatabase@XPIDatabase.jsm:2275:12
install@XPIInstall.jsm:4320:27
update@XPIProvider.jsm:2074:13
1589390851606	addons.xpi-utils	WARN	Error: XPI database modified after shutdown began(resource://gre/modules/addons/XPIDatabase.jsm:1545:17) JS Stack trace: saveChanges@XPIDatabase.jsm:1545:17
addToDatabase@XPIDatabase.jsm:2278:10
install@XPIInstall.jsm:4320:27
update@XPIProvider.jsm:2074:13
1589390851679	addons.xpi	WARN	Addon with ID wikipedia@search.mozilla.org already installed, older version will be disabled
1589390851680	addons.xpi-utils	WARN	Error: XPI database modified after shutdown began(resource://gre/modules/addons/XPIDatabase.jsm:1545:17) JS Stack trace: saveChanges@XPIDatabase.jsm:1545:17
makeAddonVisible@XPIDatabase.jsm:2348:10
addToDatabase@XPIDatabase.jsm:2275:12
install@XPIInstall.jsm:4320:27
update@XPIProvider.jsm:2074:13
1589390851680	addons.xpi-utils	WARN	Error: XPI database modified after shutdown began(resource://gre/modules/addons/XPIDatabase.jsm:1545:17) JS Stack trace: saveChanges@XPIDatabase.jsm:1545:17
addToDatabase@XPIDatabase.jsm:2278:10
install@XPIInstall.jsm:4320:27
update@XPIProvider.jsm:2074:13
1589390851702	addons.xpi	WARN	Addon with ID ddg@search.mozilla.org already installed, older version will be disabled
1589390851702	addons.xpi-utils	WARN	Error: XPI database modified after shutdown began(resource://gre/modules/addons/XPIDatabase.jsm:1545:17) JS Stack trace: saveChanges@XPIDatabase.jsm:1545:17
makeAddonVisible@XPIDatabase.jsm:2348:10
addToDatabase@XPIDatabase.jsm:2275:12
install@XPIInstall.jsm:4320:27
update@XPIProvider.jsm:2074:13
1589390851702	addons.xpi-utils	WARN	Error: XPI database modified after shutdown began(resource://gre/modules/addons/XPIDatabase.jsm:1545:17) JS Stack trace: saveChanges@XPIDatabase.jsm:1545:17
addToDatabase@XPIDatabase.jsm:2278:10
install@XPIInstall.jsm:4320:27
update@XPIProvider.jsm:2074:13

###!!! [Child][RunMessage] Error: Channel closing: too late to send/recv, messages will be lost


###!!! [Child][MessageChannel] Error: (msgtype=0xB80016,name=PWindowGlobal::Msg_Destroy) Channel closing: too late to send/recv, messages will be lost


###!!! [Child][MessageChannel::SendAndWait] Error: Channel error: cannot send/recv

1589390863332	mozrunner::runner	INFO	Running command: "C:\\Program Files\\Mozilla Firefox\\firefox.exe" "-marionette" "-foreground" "-no-remote" "-profile" "C:\\Users\\Ejaz\\AppData\\Local\\Temp\\rust_mozprofileCvMDlD"
1589390864548	addons.webextension.doh-rollout@mozilla.org	WARN	Loading extension 'doh-rollout@mozilla.org': Reading manifest: Invalid extension permission: networkStatus
1589390868955	addons.webextension.screenshots@mozilla.org	WARN	Loading extension 'screenshots@mozilla.org': Reading manifest: Invalid extension permission: mozillaAddons
1589390868955	addons.webextension.screenshots@mozilla.org	WARN	Loading extension 'screenshots@mozilla.org': Reading manifest: Invalid extension permission: telemetry
1589390868955	addons.webextension.screenshots@mozilla.org	WARN	Loading extension 'screenshots@mozilla.org': Reading manifest: Invalid extension permission: resource://pdf.js/
1589390868955	addons.webextension.screenshots@mozilla.org	WARN	Loading extension 'screenshots@mozilla.org': Reading manifest: Invalid extension permission: about:reader*
JavaScript error: resource://gre/modules/XULStore.jsm, line 66: Error: Can't find profile directory.
1589390873659	Marionette	INFO	Listening on port 51251
1589390873975	Marionette	WARN	TLS certificate errors will be ignored for this session
JavaScript error: resource://gre/actors/AutoCompleteChild.jsm, line 196: Error: Invalid autocomplete selectedIndex
1589390882741	Marionette	INFO	Stopped listening on port 51251
JavaScript error: resource://gre/modules/UrlClassifierListManager.jsm, line 691: TypeError: this.tablesData[table] is undefined

###!!! [Child][MessageChannel::SendAndWait] Error: Channel error: cannot send/recv

1589453662093	mozrunner::runner	INFO	Running command: "C:\\Program Files\\Mozilla Firefox\\firefox.exe" "-marionette" "-foreground" "-no-remote" "-profile" "C:\\Users\\Ejaz\\AppData\\Local\\Temp\\rust_mozprofile34BIl5"
1589453665482	addons.webextension.doh-rollout@mozilla.org	WARN	Loading extension 'doh-rollout@mozilla.org': Reading manifest: Invalid extension permission: networkStatus
1589453667829	addons.webextension.screenshots@mozilla.org	WARN	Loading extension 'screenshots@mozilla.org': Reading manifest: Invalid extension permission: mozillaAddons
1589453667829	addons.webextension.screenshots@mozilla.org	WARN	Loading extension 'screenshots@mozilla.org': Reading manifest: Invalid extension permission: telemetry
1589453667829	addons.webextension.screenshots@mozilla.org	WARN	Loading extension 'screenshots@mozilla.org': Reading manifest: Invalid extension permission: resource://pdf.js/
1589453667829	addons.webextension.screenshots@mozilla.org	WARN	Loading extension 'screenshots@mozilla.org': Reading manifest: Invalid extension permission: about:reader*
JavaScript error: resource://gre/modules/XULStore.jsm, line 66: Error: Can't find profile directory.
1589453685555	Marionette	INFO	Listening on port 51567
1589453685602	Marionette	WARN	TLS certificate errors will be ignored for this session
1589453686757	Marionette	INFO	Stopped listening on port 51567
JavaScript error: resource://gre/modules/UrlClassifierListManager.jsm, line 691: TypeError: this.tablesData[table] is undefined

###!!! [Child][RunMessage] Error: Channel closing: too late to send/recv, messages will be lost


###!!! [Child][MessageChannel::SendAndWait] Error: Channel error: cannot send/recv

1589453696234	mozrunner::runner	INFO	Running command: "C:\\Program Files\\Mozilla Firefox\\firefox.exe" "-marionette" "-foreground" "-no-remote" "-profile" "C:\\Users\\Ejaz\\AppData\\Local\\Temp\\rust_mozprofilewJjTKY"
1589453697216	addons.webextension.doh-rollout@mozilla.org	WARN	Loading extension 'doh-rollout@mozilla.org': Reading manifest: Invalid extension permission: networkStatus
1589453699128	addons.webextension.screenshots@mozilla.org	WARN	Loading extension 'screenshots@mozilla.org': Reading manifest: Invalid extension permission: mozillaAddons
1589453699128	addons.webextension.screenshots@mozilla.org	WARN	Loading extension 'screenshots@mozilla.org': Reading manifest: Invalid extension permission: telemetry
1589453699128	addons.webextension.screenshots@mozilla.org	WARN	Loading extension 'screenshots@mozilla.org': Reading manifest: Invalid extension permission: resource://pdf.js/
1589453699128	addons.webextension.screenshots@mozilla.org	WARN	Loading extension 'screenshots@mozilla.org': Reading manifest: Invalid extension permission: about:reader*
JavaScript error: resource://gre/modules/XULStore.jsm, line 66: Error: Can't find profile directory.
1589453705088	Marionette	INFO	Listening on port 51632
1589453705172	Marionette	WARN	TLS certificate errors will be ignored for this session
JavaScript error: resource://gre/actors/AutoCompleteChild.jsm, line 196: Error: Invalid autocomplete selectedIndex
1589453709893	Marionette	INFO	Stopped listening on port 51632
JavaScript error: resource://gre/modules/UrlClassifierListManager.jsm, line 691: TypeError: this.tablesData[table] is undefined

###!!! [Child][MessageChannel::SendAndWait] Error: Channel error: cannot send/recv

